<html>
<head>
<title>TestNG:  Test</title>
<link href="../testng.css" rel="stylesheet" type="text/css" />
<link href="../my-testng.css" rel="stylesheet" type="text/css" />

<style type="text/css">
.log { display: none;} 
.stack-trace { display: none;} 
</style>
<script type="text/javascript">
<!--
function flip(e) {
  current = e.style.display;
  if (current == 'block') {
    e.style.display = 'none';
    return 0;
  }
  else {
    e.style.display = 'block';
    return 1;
  }
}

function toggleBox(szDivId, elem, msg1, msg2)
{
  var res = -1;  if (document.getElementById) {
    res = flip(document.getElementById(szDivId));
  }
  else if (document.all) {
    // this is the way old msie versions work
    res = flip(document.all[szDivId]);
  }
  if(elem) {
    if(res == 0) elem.innerHTML = msg1; else elem.innerHTML = msg2;
  }

}

function toggleAllBoxes() {
  if (document.getElementsByTagName) {
    d = document.getElementsByTagName('div');
    for (i = 0; i < d.length; i++) {
      if (d[i].className == 'log') {
        flip(d[i]);
      }
    }
  }
}

// -->
</script>

</head>
<body>
<h2 align='center'>Test</h2><table border='1' align="center">
<tr>
<td>Tests passed/Failed/Skipped:</td><td>55/1/0</td>
</tr><tr>
<td>Started on:</td><td>Mon Aug 29 14:10:55 IDT 2022</td>
</tr>
<tr><td>Total time:</td><td>105 seconds (105510 ms)</td>
</tr><tr>
<td>Included groups:</td><td></td>
</tr><tr>
<td>Excluded groups:</td><td></td>
</tr>
</table><p/>
<small><i>(Hover the method name to see the test class name)</i></small><p/>
<table width='100%' border='1' class='invocation-failed'>
<tr><td colspan='4' align='center'><b>FAILED TESTS</b></td></tr>
<tr><td><b>Test method</b></td>
<td width="30%"><b>Exception</b></td>
<td width="10%"><b>Time (seconds)</b></td>
<td><b>Instance</b></td>
</tr>
<tr>
<td title='tests.LoginTest2.TC01_nagative_user_password_testing()'><b>TC01_nagative_user_password_testing</b><br>Test class: tests.LoginTest2<br>Test method: negative login testing<br>Parameters: locked_out_user, secrete_sauce, Epic sadface: Sorry, this user has been locked out.</td>
<td><div><pre>java.lang.AssertionError: expected [Epic sadface: Sorry, this user has been locked out.] but found [Epic sadface: Username and password do not match any user in this service]
	at tests.LoginTest2.TC01_nagative_user_password_testing(LoginTest2.java:78)
	at java.base/java.util.ArrayList.forEach(ArrayList.java:1511)
... Removed 33 stack frames</pre></div><a href='#' onClick='toggleBox("stack-trace236947638", this, "Click to show all stack frames", "Click to hide stack frames")'>Click to show all stack frames</a>
<div class='stack-trace' id='stack-trace236947638'><pre>java.lang.AssertionError: expected [Epic sadface: Sorry, this user has been locked out.] but found [Epic sadface: Username and password do not match any user in this service]
	at org.testng.Assert.fail(Assert.java:110)
	at org.testng.Assert.failNotEquals(Assert.java:1413)
	at org.testng.Assert.assertEqualsImpl(Assert.java:149)
	at org.testng.Assert.assertEquals(Assert.java:131)
	at org.testng.Assert.assertEquals(Assert.java:655)
	at org.testng.Assert.assertEquals(Assert.java:665)
	at tests.LoginTest2.TC01_nagative_user_password_testing(LoginTest2.java:78)
	at java.base/jdk.internal.reflect.NativeMethodAccessorImpl.invoke0(Native Method)
	at java.base/jdk.internal.reflect.NativeMethodAccessorImpl.invoke(NativeMethodAccessorImpl.java:77)
	at java.base/jdk.internal.reflect.DelegatingMethodAccessorImpl.invoke(DelegatingMethodAccessorImpl.java:43)
	at java.base/java.lang.reflect.Method.invoke(Method.java:568)
	at org.testng.internal.invokers.MethodInvocationHelper.invokeMethod(MethodInvocationHelper.java:135)
	at org.testng.internal.invokers.TestInvoker.invokeMethod(TestInvoker.java:673)
	at org.testng.internal.invokers.TestInvoker.invokeTestMethod(TestInvoker.java:220)
	at org.testng.internal.invokers.MethodRunner.runInSequence(MethodRunner.java:50)
	at org.testng.internal.invokers.TestInvoker$MethodInvocationAgent.invoke(TestInvoker.java:945)
	at org.testng.internal.invokers.TestInvoker.invokeTestMethods(TestInvoker.java:193)
	at org.testng.internal.invokers.TestMethodWorker.invokeTestMethods(TestMethodWorker.java:146)
	at org.testng.internal.invokers.TestMethodWorker.run(TestMethodWorker.java:128)
	at java.base/java.util.ArrayList.forEach(ArrayList.java:1511)
	at org.testng.TestRunner.privateRun(TestRunner.java:808)
	at org.testng.TestRunner.run(TestRunner.java:603)
	at org.testng.SuiteRunner.runTest(SuiteRunner.java:429)
	at org.testng.SuiteRunner.runSequentially(SuiteRunner.java:423)
	at org.testng.SuiteRunner.privateRun(SuiteRunner.java:383)
	at org.testng.SuiteRunner.run(SuiteRunner.java:326)
	at org.testng.SuiteRunnerWorker.runSuite(SuiteRunnerWorker.java:52)
	at org.testng.SuiteRunnerWorker.run(SuiteRunnerWorker.java:95)
	at org.testng.TestNG.runSuitesSequentially(TestNG.java:1249)
	at org.testng.TestNG.runSuitesLocally(TestNG.java:1169)
	at org.testng.TestNG.runSuites(TestNG.java:1092)
	at org.testng.TestNG.run(TestNG.java:1060)
	at org.testng.remote.AbstractRemoteTestNG.run(AbstractRemoteTestNG.java:115)
	at org.testng.remote.RemoteTestNG.initAndRun(RemoteTestNG.java:251)
	at org.testng.remote.RemoteTestNG.main(RemoteTestNG.java:77)
</pre></div></td>
<td>1</td>
<td>tests.LoginTest2@f3021cb</td></tr>
</table><p>
<table width='100%' border='1' class='invocation-passed'>
<tr><td colspan='4' align='center'><b>PASSED TESTS</b></td></tr>
<tr><td><b>Test method</b></td>
<td width="30%"><b>Exception</b></td>
<td width="10%"><b>Time (seconds)</b></td>
<td><b>Instance</b></td>
</tr>
<tr>
<td title='tests.ItemPageTests.tc08_back_to_products_page()'><b>tc08_back_to_products_page</b><br>Test class: tests.ItemPageTests<br>Test method: return back to products page</td>
<td></td>
<td>0</td>
<td>tests.ItemPageTests@6dd82486</td></tr>
<tr>
<td title='tests.LoginTest2.TC01_nagative_user_password_testing()'><b>TC01_nagative_user_password_testing</b><br>Test class: tests.LoginTest2<br>Test method: negative login testing<br>Parameters: , , Epic sadface: Username is required</td>
<td></td>
<td>1</td>
<td>tests.LoginTest2@f3021cb</td></tr>
<tr>
<td title='tests.LoginTest.TC06_locked_out_user()'><b>TC06_locked_out_user</b><br>Test class: tests.LoginTest<br>Test method: Locked_out_user </td>
<td></td>
<td>1</td>
<td>tests.LoginTest@56078cea</td></tr>
<tr>
<td title='tests.LoginTest.TC09_performance_glitch_user()'><b>TC09_performance_glitch_user</b><br>Test class: tests.LoginTest<br>Test method: performance_glitch_user , results in delayed response</td>
<td></td>
<td>7</td>
<td>tests.LoginTest@56078cea</td></tr>
<tr>
<td title='tests.MenuTests.tc05_Menu_About()'><b>tc05_Menu_About</b><br>Test class: tests.MenuTests<br>Test method: Menu option   - About</td>
<td></td>
<td>9</td>
<td>tests.MenuTests@5533dc72</td></tr>
<tr>
<td title='tests.MenuTests.tc07_Menu_invalid_option()'><b>tc07_Menu_invalid_option</b><br>Test class: tests.MenuTests<br>Test method: Menu option  - invalid option</td>
<td></td>
<td>0</td>
<td>tests.MenuTests@5533dc72</td></tr>
<tr>
<td title='tests.MenuTests.tc03_Count_product_2()'><b>tc03_Count_product_2</b><br>Test class: tests.MenuTests<br>Test method: count products in cart - 2</td>
<td></td>
<td>0</td>
<td>tests.MenuTests@5533dc72</td></tr>
<tr>
<td title='tests.End2EndTest.tc06_remove_item_from_cart()'><b>tc06_remove_item_from_cart</b><br>Test class: tests.End2EndTest<br>Test method: remove item from cart </td>
<td></td>
<td>0</td>
<td>tests.End2EndTest@aaee2a2</td></tr>
<tr>
<td title='tests.ProductsTests.tc09_sort_a_to_z()'><b>tc09_sort_a_to_z</b><br>Test class: tests.ProductsTests<br>Test method: sort items using drop-down - by Z-A</td>
<td></td>
<td>0</td>
<td>tests.ProductsTests@4aaae508</td></tr>
<tr>
<td title='tests.ItemPageTests.b11_move_to_item_page()'><b>b11_move_to_item_page</b><br>Test class: tests.ItemPageTests</td>
<td></td>
<td>0</td>
<td>tests.ItemPageTests@6dd82486</td></tr>
<tr>
<td title='tests.ItemPageTests.tc07_Product_image()'><b>tc07_Product_image</b><br>Test class: tests.ItemPageTests<br>Test method: verify product image</td>
<td></td>
<td>0</td>
<td>tests.ItemPageTests@6dd82486</td></tr>
<tr>
<td title='tests.End2EndTest.tc11_finish_checkout()'><b>tc11_finish_checkout</b><br>Test class: tests.End2EndTest<br>Test method: finish </td>
<td></td>
<td>0</td>
<td>tests.End2EndTest@aaee2a2</td></tr>
<tr>
<td title='tests.ItemPageTests.tc03_Add_to_cart_button_already_added()'><b>tc03_Add_to_cart_button_already_added</b><br>Test class: tests.ItemPageTests<br>Test method: Add to cart Button - Negative</td>
<td></td>
<td>0</td>
<td>tests.ItemPageTests@6dd82486</td></tr>
<tr>
<td title='tests.End2EndTest.tc12_confirmation_back_to_main()'><b>tc12_confirmation_back_to_main</b><br>Test class: tests.End2EndTest<br>Test method: back home </td>
<td></td>
<td>0</td>
<td>tests.End2EndTest@aaee2a2</td></tr>
<tr>
<td title='tests.End2EndTest.TC01_Standard_User()'><b>TC01_Standard_User</b><br>Test class: tests.End2EndTest<br>Test method: Standard_user </td>
<td></td>
<td>1</td>
<td>tests.End2EndTest@aaee2a2</td></tr>
<tr>
<td title='tests.ItemPageTests.tc06_Product_price()'><b>tc06_Product_price</b><br>Test class: tests.ItemPageTests<br>Test method: verify product price</td>
<td></td>
<td>0</td>
<td>tests.ItemPageTests@6dd82486</td></tr>
<tr>
<td title='tests.End2EndTest.tc02_add_products_from_products()'><b>tc02_add_products_from_products</b><br>Test class: tests.End2EndTest<br>Test method: add products to cart</td>
<td></td>
<td>0</td>
<td>tests.End2EndTest@aaee2a2</td></tr>
<tr>
<td title='tests.LoginTest.TC07_Standard_User()'><b>TC07_Standard_User</b><br>Test class: tests.LoginTest<br>Test method: Standard_user </td>
<td></td>
<td>2</td>
<td>tests.LoginTest@56078cea</td></tr>
<tr>
<td title='tests.ProductsTests.tc03_Add_to_cart_button_not_found()'><b>tc03_Add_to_cart_button_not_found</b><br>Test class: tests.ProductsTests<br>Test method: Add to cart Button - Negative1</td>
<td></td>
<td>0</td>
<td>tests.ProductsTests@4aaae508</td></tr>
<tr>
<td title='tests.End2EndTest.tc03_Count_product_2()'><b>tc03_Count_product_2</b><br>Test class: tests.End2EndTest<br>Test method: count products in cart - 2</td>
<td></td>
<td>0</td>
<td>tests.End2EndTest@aaee2a2</td></tr>
<tr>
<td title='tests.ItemPageTests.tc01_Assert_on_item_page()'><b>tc01_Assert_on_item_page</b><br>Test class: tests.ItemPageTests<br>Test method: assert on  item page</td>
<td></td>
<td>0</td>
<td>tests.ItemPageTests@6dd82486</td></tr>
<tr>
<td title='tests.LoginTest.TC04_badPassword()'><b>TC04_badPassword</b><br>Test class: tests.LoginTest<br>Test method: good user, bad password</td>
<td></td>
<td>1</td>
<td>tests.LoginTest@56078cea</td></tr>
<tr>
<td title='tests.MenuTests.tc06_Menu_Reset_app()'><b>tc06_Menu_Reset_app</b><br>Test class: tests.MenuTests<br>Test method: Menu option   - Reset app</td>
<td></td>
<td>0</td>
<td>tests.MenuTests@5533dc72</td></tr>
<tr>
<td title='tests.MenuTests.tc04_Menu_all_items()'><b>tc04_Menu_all_items</b><br>Test class: tests.MenuTests<br>Test method: Menu option   - All items</td>
<td></td>
<td>1</td>
<td>tests.MenuTests@5533dc72</td></tr>
<tr>
<td title='tests.End2EndTest.tc09_checkout()'><b>tc09_checkout</b><br>Test class: tests.End2EndTest<br>Test method: checkout - fill form </td>
<td></td>
<td>0</td>
<td>tests.End2EndTest@aaee2a2</td></tr>
<tr>
<td title='tests.ProductsTests.tc01_On_Products_page()'><b>tc01_On_Products_page</b><br>Test class: tests.ProductsTests<br>Test method: assert on proructs page</td>
<td></td>
<td>0</td>
<td>tests.ProductsTests@4aaae508</td></tr>
<tr>
<td title='tests.LoginTest2.TC07_Problem_User()'><b>TC07_Problem_User</b><br>Test class: tests.LoginTest2<br>Test method: Problem_user , Secret_sause - bad image</td>
<td></td>
<td>2</td>
<td>tests.LoginTest2@f3021cb</td></tr>
<tr>
<td title='tests.ProductsTests.tc02_Add_to_cart_button_pos()'><b>tc02_Add_to_cart_button_pos</b><br>Test class: tests.ProductsTests<br>Test method: Add to cart Button - positive</td>
<td></td>
<td>0</td>
<td>tests.ProductsTests@4aaae508</td></tr>
<tr>
<td title='tests.End2EndTest.tc05_go_to_cart()'><b>tc05_go_to_cart</b><br>Test class: tests.End2EndTest<br>Test method: go to cart</td>
<td></td>
<td>0</td>
<td>tests.End2EndTest@aaee2a2</td></tr>
<tr>
<td title='tests.ProductsTests.tc06_Remove_product_not_found()'><b>tc06_Remove_product_not_found</b><br>Test class: tests.ProductsTests<br>Test method: Remove product - neg 1 </td>
<td></td>
<td>0</td>
<td>tests.ProductsTests@4aaae508</td></tr>
<tr>
<td title='tests.End2EndTest.tc04_add_item_from_item_page()'><b>tc04_add_item_from_item_page</b><br>Test class: tests.End2EndTest<br>Test method: add item from item page</td>
<td></td>
<td>0</td>
<td>tests.End2EndTest@aaee2a2</td></tr>
<tr>
<td title='tests.MenuTests.tc08_Menu_Logout()'><b>tc08_Menu_Logout</b><br>Test class: tests.MenuTests<br>Test method: Menu option   - Logout</td>
<td></td>
<td>4</td>
<td>tests.MenuTests@5533dc72</td></tr>
<tr>
<td title='tests.LoginTest.TC08_Problem_User()'><b>TC08_Problem_User</b><br>Test class: tests.LoginTest<br>Test method: Problem_user , results in bad image</td>
<td></td>
<td>2</td>
<td>tests.LoginTest@56078cea</td></tr>
<tr>
<td title='tests.ProductsTests.tc08_Product_price()'><b>tc08_Product_price</b><br>Test class: tests.ProductsTests<br>Test method: verify product price</td>
<td></td>
<td>0</td>
<td>tests.ProductsTests@4aaae508</td></tr>
<tr>
<td title='tests.ProductsTests.tc11_move_to_item_page()'><b>tc11_move_to_item_page</b><br>Test class: tests.ProductsTests<br>Test method: move to item page</td>
<td></td>
<td>0</td>
<td>tests.ProductsTests@4aaae508</td></tr>
<tr>
<td title='tests.End2EndTest.tc10_checkout()'><b>tc10_checkout</b><br>Test class: tests.End2EndTest<br>Test method: checkout </td>
<td></td>
<td>0</td>
<td>tests.End2EndTest@aaee2a2</td></tr>
<tr>
<td title='tests.ItemPageTests.tc02_Add_to_cart_button_pos()'><b>tc02_Add_to_cart_button_pos</b><br>Test class: tests.ItemPageTests<br>Test method: Add to cart Button - positive</td>
<td></td>
<td>0</td>
<td>tests.ItemPageTests@6dd82486</td></tr>
<tr>
<td title='tests.End2EndTest.tc07_continue_shopping()'><b>tc07_continue_shopping</b><br>Test class: tests.End2EndTest<br>Test method: continue shopping </td>
<td></td>
<td>3</td>
<td>tests.End2EndTest@aaee2a2</td></tr>
<tr>
<td title='tests.ItemPageTests.tc04_Remove_product()'><b>tc04_Remove_product</b><br>Test class: tests.ItemPageTests<br>Test method: Remove product - positive</td>
<td></td>
<td>0</td>
<td>tests.ItemPageTests@6dd82486</td></tr>
<tr>
<td title='tests.MenuTests.tc02_Count_product_0()'><b>tc02_Count_product_0</b><br>Test class: tests.MenuTests<br>Test method: count products in cart - none</td>
<td></td>
<td>0</td>
<td>tests.MenuTests@5533dc72</td></tr>
<tr>
<td title='tests.MenuTests.tc01_go_to_cart_page()'><b>tc01_go_to_cart_page</b><br>Test class: tests.MenuTests<br>Test method: go to cart page</td>
<td></td>
<td>0</td>
<td>tests.MenuTests@5533dc72</td></tr>
<tr>
<td title='tests.ProductsTests.tc05_Remove_product()'><b>tc05_Remove_product</b><br>Test class: tests.ProductsTests<br>Test method: Remove product - positive</td>
<td></td>
<td>0</td>
<td>tests.ProductsTests@4aaae508</td></tr>
<tr>
<td title='tests.LoginTest2.TC01_nagative_user_password_testing()'><b>TC01_nagative_user_password_testing</b><br>Test class: tests.LoginTest2<br>Test method: negative login testing<br>Parameters: standard_user, , Epic sadface: Password is required</td>
<td></td>
<td>1</td>
<td>tests.LoginTest2@f3021cb</td></tr>
<tr>
<td title='tests.LoginTest2.TC08_performance_glitch_user()'><b>TC08_performance_glitch_user</b><br>Test class: tests.LoginTest2<br>Test method: performance_glitch_user , Secret_sause - good password</td>
<td></td>
<td>7</td>
<td>tests.LoginTest2@f3021cb</td></tr>
<tr>
<td title='tests.ProductsTests.tc04_Add_to_cart_button_already_added()'><b>tc04_Add_to_cart_button_already_added</b><br>Test class: tests.ProductsTests<br>Test method: Add to cart Button - Negative2</td>
<td></td>
<td>0</td>
<td>tests.ProductsTests@4aaae508</td></tr>
<tr>
<td title='tests.LoginTest.TC02_noPassword()'><b>TC02_noPassword</b><br>Test class: tests.LoginTest<br>Test method: good user, empty password</td>
<td></td>
<td>1</td>
<td>tests.LoginTest@56078cea</td></tr>
<tr>
<td title='tests.LoginTest.TC05_badUsedr()'><b>TC05_badUsedr</b><br>Test class: tests.LoginTest<br>Test method: no existent user</td>
<td></td>
<td>1</td>
<td>tests.LoginTest@56078cea</td></tr>
<tr>
<td title='tests.LoginTest2.TC01_nagative_user_password_testing()'><b>TC01_nagative_user_password_testing</b><br>Test class: tests.LoginTest2<br>Test method: negative login testing<br>Parameters: No_such_user, secrete_sauce, Epic sadface: Username and password do not match any user in this service</td>
<td></td>
<td>1</td>
<td>tests.LoginTest2@f3021cb</td></tr>
<tr>
<td title='tests.LoginTest2.TC06_Standard_User()'><b>TC06_Standard_User</b><br>Test class: tests.LoginTest2<br>Test method: Standard_user , Secret_sause - good password</td>
<td></td>
<td>2</td>
<td>tests.LoginTest2@f3021cb</td></tr>
<tr>
<td title='tests.End2EndTest.tc08_checkout()'><b>tc08_checkout</b><br>Test class: tests.End2EndTest<br>Test method: checkout </td>
<td></td>
<td>0</td>
<td>tests.End2EndTest@aaee2a2</td></tr>
<tr>
<td title='tests.ProductsTests.tc07_Remove_product_not_in_cart()'><b>tc07_Remove_product_not_in_cart</b><br>Test class: tests.ProductsTests<br>Test method: Remove product - neg 2</td>
<td></td>
<td>0</td>
<td>tests.ProductsTests@4aaae508</td></tr>
<tr>
<td title='tests.ItemPageTests.tc05_Remove_product_not_in_cart()'><b>tc05_Remove_product_not_in_cart</b><br>Test class: tests.ItemPageTests<br>Test method: Remove product - negative</td>
<td></td>
<td>0</td>
<td>tests.ItemPageTests@6dd82486</td></tr>
<tr>
<td title='tests.ProductsTests.tc10_sort_price_Dessending()'><b>tc10_sort_price_Dessending</b><br>Test class: tests.ProductsTests<br>Test method: sort items using dropdown - price high > low</td>
<td></td>
<td>0</td>
<td>tests.ProductsTests@4aaae508</td></tr>
<tr>
<td title='tests.LoginTest2.TC01_nagative_user_password_testing()'><b>TC01_nagative_user_password_testing</b><br>Test class: tests.LoginTest2<br>Test method: negative login testing<br>Parameters: standard_use, badData, Epic sadface: Username and password do not match any user in this service</td>
<td></td>
<td>1</td>
<td>tests.LoginTest2@f3021cb</td></tr>
<tr>
<td title='tests.LoginTest.TC01_noUser_noPassword()'><b>TC01_noUser_noPassword</b><br>Test class: tests.LoginTest<br>Test method: empty user, empty password</td>
<td></td>
<td>1</td>
<td>tests.LoginTest@56078cea</td></tr>
</table><p>
</body>
</html>