<?xml version="1.0" encoding="UTF-8"?>
<!-- Generated by org.testng.reporters.JUnitXMLReporter -->
<testsuite ignored="1" hostname="LAPTOP-62RFVMRJ" failures="1" tests="56" name="Test" time="105.51" errors="0" timestamp="2022-08-29T14:12:40 IDT">
  <testcase classname="tests.MenuTests" name="tc01_go_to_cart_page" time="0.357"/>
  <testcase classname="tests.MenuTests" name="tc02_Count_product_0" time="0.023"/>
  <testcase classname="tests.MenuTests" name="tc03_Count_product_2" time="0.873"/>
  <testcase classname="tests.MenuTests" name="tc04_Menu_all_items" time="1.037"/>
  <testcase classname="tests.MenuTests" name="tc05_Menu_About" time="9.327"/>
  <testcase classname="tests.MenuTests" name="tc06_Menu_Reset_app" time="0.94"/>
  <testcase classname="tests.MenuTests" name="tc07_Menu_invalid_option" time="0.981"/>
  <testcase classname="tests.MenuTests" name="tc08_Menu_Logout" time="4.519"/>
  <testcase classname="tests.End2EndTest" name="TC01_Standard_User" time="1.622"/>
  <testcase classname="tests.End2EndTest" name="tc02_add_products_from_products" time="0.722"/>
  <testcase classname="tests.End2EndTest" name="tc03_Count_product_2" time="0.073"/>
  <testcase classname="tests.End2EndTest" name="tc04_add_item_from_item_page" time="0.368"/>
  <testcase classname="tests.End2EndTest" name="tc05_go_to_cart" time="0.192"/>
  <testcase classname="tests.End2EndTest" name="tc06_remove_item_from_cart" time="0.151"/>
  <testcase classname="tests.End2EndTest" name="tc07_continue_shopping" time="3.656"/>
  <testcase classname="tests.End2EndTest" name="tc08_checkout" time="0.17"/>
  <testcase classname="tests.End2EndTest" name="tc09_checkout" time="0.613"/>
  <testcase classname="tests.End2EndTest" name="tc10_checkout" time="0.185"/>
  <testcase classname="tests.End2EndTest" name="tc11_finish_checkout" time="0.166"/>
  <testcase classname="tests.End2EndTest" name="tc12_confirmation_back_to_main" time="0.187"/>
  <testcase classname="tests.LoginTest2" name="TC01_nagative_user_password_testing" time="1.472"/>
  <testcase classname="tests.LoginTest2" name="TC01_nagative_user_password_testing" time="1.439"/>
  <testcase classname="tests.LoginTest2" name="TC01_nagative_user_password_testing" time="1.378"/>
  <testcase classname="tests.LoginTest2" name="TC01_nagative_user_password_testing" time="1.414"/>
  <testcase classname="tests.LoginTest2" name="TC01_nagative_user_password_testing" time="1.398">
    <failure type="java.lang.AssertionError" message="expected [Epic sadface: Sorry, this user has been locked out.] but found [Epic sadface: Username and password do not match any user in this service]">
      <![CDATA[java.lang.AssertionError: expected [Epic sadface: Sorry, this user has been locked out.] but found [Epic sadface: Username and password do not match any user in this service]
at tests.LoginTest2.TC01_nagative_user_password_testing(LoginTest2.java:78)
at java.base/java.util.ArrayList.forEach(ArrayList.java:1511)
... Removed 33 stack frames]]>
    </failure>
  </testcase> <!-- TC01_nagative_user_password_testing -->
  <testcase classname="tests.LoginTest2" name="TC06_Standard_User" time="2.752"/>
  <testcase classname="tests.LoginTest2" name="TC07_Problem_User" time="2.631"/>
  <testcase classname="tests.LoginTest2" name="TC08_performance_glitch_user" time="7.708"/>
  <testcase classname="tests.ProductsTests" name="tc01_On_Products_page" time="0.087"/>
  <testcase classname="tests.ProductsTests" name="tc02_Add_to_cart_button_pos" time="0.469"/>
  <testcase classname="tests.ProductsTests" name="tc03_Add_to_cart_button_not_found" time="0.062"/>
  <testcase classname="tests.ProductsTests" name="tc04_Add_to_cart_button_already_added" time="0.261"/>
  <testcase classname="tests.ProductsTests" name="tc05_Remove_product" time="0.359"/>
  <testcase classname="tests.ProductsTests" name="tc06_Remove_product_not_found" time="0.049"/>
  <testcase classname="tests.ProductsTests" name="tc07_Remove_product_not_in_cart" time="0.251"/>
  <testcase classname="tests.ProductsTests" name="tc08_Product_price" time="0.091"/>
  <testcase classname="tests.ProductsTests" name="tc09_sort_a_to_z" time="0.204"/>
  <testcase classname="tests.ProductsTests" name="tc10_sort_price_Dessending" time="0.246"/>
  <testcase classname="tests.ProductsTests" name="tc11_move_to_item_page" time="0.146"/>
  <testcase classname="tests.ItemPageTests" name="b11_move_to_item_page" time="0.103"/>
  <testcase classname="tests.ItemPageTests" name="tc01_Assert_on_item_page" time="0.028"/>
  <testcase classname="tests.ItemPageTests" name="tc02_Add_to_cart_button_pos" time="0.136"/>
  <testcase classname="tests.ItemPageTests" name="tc03_Add_to_cart_button_already_added" time="0.057"/>
  <testcase classname="tests.ItemPageTests" name="tc04_Remove_product" time="0.121"/>
  <testcase classname="tests.ItemPageTests" name="tc05_Remove_product_not_in_cart" time="0.061"/>
  <testcase classname="tests.ItemPageTests" name="tc06_Product_price" time="0.064"/>
  <testcase classname="tests.ItemPageTests" name="tc07_Product_image" time="0.021"/>
  <testcase classname="tests.ItemPageTests" name="tc08_back_to_products_page" time="0.184"/>
  <testcase classname="tests.LoginTest" name="TC01_noUser_noPassword" time="1.522"/>
  <testcase classname="tests.LoginTest" name="TC02_noPassword" time="1.415"/>
  <testcase classname="tests.LoginTest" name="TC04_badPassword" time="1.432"/>
  <testcase classname="tests.LoginTest" name="TC05_badUsedr" time="1.413"/>
  <testcase classname="tests.LoginTest" name="TC06_locked_out_user" time="1.415"/>
  <testcase classname="tests.LoginTest" name="TC07_Standard_User" time="2.75"/>
  <testcase classname="tests.LoginTest" name="TC08_Problem_User" time="2.691"/>
  <testcase classname="tests.LoginTest" name="TC09_performance_glitch_user" time="7.677"/>
  <testcase classname="tests.LoginTest" name="TC03_noUser" time="0.0">
    <ignored/>
  </testcase> <!-- TC03_noUser -->
</testsuite> <!-- Test -->
